<?xml version="1.0" encoding="UTF-8"?>
<!-- Generated by org.testng.reporters.JUnitXMLReporter -->
<testsuite ignored="0" hostname="LTILPUN22001550" failures="3" tests="5" name="Parallel Testing" time="66.061" errors="0" timestamp="2022-09-14T17:03:31 IST">
  <testcase classname="TestCases_API.Test_03" name="test_post" time="4.191">
    <failure type="java.lang.AssertionError" message="expected [201] but found [302]">
      <![CDATA[java.lang.AssertionError: expected [201] but found [302]
at TestCases_API.Test_03.test_post(Test_03.java:33)
at java.base/java.util.concurrent.ThreadPoolExecutor.runWorker(ThreadPoolExecutor.java:1136)
at java.base/java.util.concurrent.ThreadPoolExecutor$Worker.run(ThreadPoolExecutor.java:635)
at java.base/java.lang.Thread.run(Thread.java:833)
... Removed 18 stack frames]]>
    </failure>
  </testcase> <!-- test_post -->
  <testcase classname="TestCases_API.HBI_Post" name="test_Post_HBI" time="4.19">
    <failure type="java.lang.AssertionError" message="expected [201] but found [302]">
      <![CDATA[java.lang.AssertionError: expected [201] but found [302]
at TestCases_API.HBI_Post.test_Post_HBI(HBI_Post.java:33)
at java.base/java.util.concurrent.ThreadPoolExecutor.runWorker(ThreadPoolExecutor.java:1136)
at java.base/java.util.concurrent.ThreadPoolExecutor$Worker.run(ThreadPoolExecutor.java:635)
at java.base/java.lang.Thread.run(Thread.java:833)
... Removed 18 stack frames]]>
    </failure>
  </testcase> <!-- test_Post_HBI -->
  <testcase classname="TestCases_API.Test_02" name="test_GET" time="4.521"/>
  <testcase classname="TestCases_API.Test_01" name="test_GET" time="4.521"/>
  <testcase classname="TestCases_API.BearerToken" name="bearerToken" time="66.005">
    <failure type="java.lang.AssertionError" message="expected [504] but found [201]">
      <![CDATA[java.lang.AssertionError: expected [504] but found [201]
at TestCases_API.BearerToken.bearerToken(BearerToken.java:50)
at java.base/java.util.concurrent.ThreadPoolExecutor.runWorker(ThreadPoolExecutor.java:1136)
at java.base/java.util.concurrent.ThreadPoolExecutor$Worker.run(ThreadPoolExecutor.java:635)
at java.base/java.lang.Thread.run(Thread.java:833)
... Removed 18 stack frames]]>
    </failure>
  </testcase> <!-- bearerToken -->
</testsuite> <!-- Parallel Testing -->
