<?xml version="1.0" encoding="UTF-8"?>
<!-- Generated by org.testng.reporters.JUnitXMLReporter -->
<testsuite ignored="3" hostname="LTILPUN22001550" failures="1" tests="3" name="Test" time="57.172" errors="0" timestamp="2022-09-22T15:15:03 IST">
  <testcase classname="TestCases_UI.HBI_HomePageTest" name="verifyProfile" time="6.465"/>
  <testcase classname="TestCases_UI.HBI_LoginPageTest" name="verifyAzadiLogo" time="7.066"/>
  <testcase classname="TestCases_UI.HBI_LoginPageTest" name="verifyMOHFWLogo" time="7.226">
    <failure type="java.lang.AssertionError" message="expected [false] but found [true]">
      <![CDATA[java.lang.AssertionError: expected [false] but found [true]
at TestCases_UI.HBI_LoginPageTest.verifyMOHFWLogo(HBI_LoginPageTest.java:50)
at java.base/java.util.ArrayList.forEach(ArrayList.java:1511)
... Removed 33 stack frames]]>
    </failure>
  </testcase> <!-- verifyMOHFWLogo -->
  <testcase classname="TestCases_UI.HBI_LoginPageTest" name="verifymohfwLink" time="0.0">
    <ignored/>
  </testcase> <!-- verifymohfwLink -->
  <testcase classname="TestCases_UI.HBI_LoginPageTest" name="verifyloginToHBIforNodalOfficer" time="0.0">
    <ignored/>
  </testcase> <!-- verifyloginToHBIforNodalOfficer -->
  <testcase classname="TestCases_UI.HBI_LoginPageTest" name="verifyLoginToHBIforHP" time="0.0">
    <ignored/>
  </testcase> <!-- verifyLoginToHBIforHP -->
</testsuite> <!-- Test -->
