<?xml version="1.0" encoding="UTF-8"?>
<!-- Generated by org.testng.reporters.JUnitXMLReporter -->
<testsuite ignored="2" hostname="LTILPUN22001550" failures="1" tests="4" name="Test" time="62.688" errors="0" timestamp="2022-09-21T16:12:59 IST">
  <testcase classname="TestCases_UI.HBI_LoginPageTest" name="verifyMOHFWLogo" time="5.148"/>
  <testcase classname="TestCases_UI.HBI_LoginPageTest" name="verifyAzadiLogo" time="5.121"/>
  <testcase classname="TestCases_UI.HBI_LoginPageTest" name="verifyloginToHBIforNodalOfficer" time="17.821"/>
  <testcase classname="TestCases_UI.HBI_HomePageTest" name="verifyProfile" time="7.274">
    <failure type="java.lang.AssertionError" message="Chandradv@gmail.com expected:&amp;lt;Chandradv@gmail.com&amp;gt; but was:&amp;lt;fail zal&amp;gt;">
      <![CDATA[java.lang.AssertionError: Chandradv@gmail.com expected:<Chandradv@gmail.com> but was:<fail zal>
at TestCases_UI.HBI_HomePageTest.verifyProfile(HBI_HomePageTest.java:53)
at java.base/java.util.ArrayList.forEach(ArrayList.java:1511)
... Removed 28 stack frames]]>
    </failure>
  </testcase> <!-- verifyProfile -->
  <testcase classname="TestCases_UI.HBI_LoginPageTest" name="verifymohfwLink" time="0.0">
    <ignored/>
  </testcase> <!-- verifymohfwLink -->
  <testcase classname="TestCases_UI.HBI_LoginPageTest" name="verifyLoginToHBIforHP" time="0.0">
    <ignored/>
  </testcase> <!-- verifyLoginToHBIforHP -->
</testsuite> <!-- Test -->
