<?xml version="1.0" encoding="UTF-8"?>
<testng-results ignored="5" total="8" passed="3" failed="0" skipped="0">
  <reporter-output>
  </reporter-output>
  <suite started-at="2022-09-23T15:19:37 IST" name="Suite" finished-at="2022-09-23T15:20:16 IST" duration-ms="38600">
    <groups>
    </groups>
    <test started-at="2022-09-23T15:19:37 IST" name="Test" finished-at="2022-09-23T15:20:16 IST" duration-ms="38600">
      <class name="TestCases_UI.HBI_HomePageTest">
        <test-method is-config="true" signature="beforeSuit()[pri:0, instance:TestCases_UI.HBI_HomePageTest@3e694b3f]" started-at="2022-09-23T15:19:37 IST" name="beforeSuit" finished-at="2022-09-23T15:19:37 IST" duration-ms="194" status="PASS">
          <reporter-output>
          </reporter-output>
        </test-method> <!-- beforeSuit -->
        <test-method is-config="true" signature="setup()[pri:0, instance:TestCases_UI.HBI_HomePageTest@3e694b3f]" started-at="2022-09-23T15:19:37 IST" name="setup" finished-at="2022-09-23T15:19:58 IST" duration-ms="20439" status="PASS">
          <reporter-output>
          </reporter-output>
        </test-method> <!-- setup -->
        <test-method signature="verifyProfile()[pri:0, instance:TestCases_UI.HBI_HomePageTest@3e694b3f]" started-at="2022-09-23T15:19:58 IST" name="verifyProfile" finished-at="2022-09-23T15:20:01 IST" duration-ms="3663" status="PASS">
          <reporter-output>
          </reporter-output>
        </test-method> <!-- verifyProfile -->
        <test-method is-config="true" signature="getResult(org.testng.ITestResult)[pri:0, instance:TestCases_UI.HBI_HomePageTest@3e694b3f]" started-at="2022-09-23T15:20:01 IST" name="getResult" finished-at="2022-09-23T15:20:01 IST" duration-ms="206" status="PASS">
          <params>
            <param index="0">
              <value>
                <![CDATA[[TestResult name=verifyProfile status=SUCCESS method=HBI_HomePageTest.verifyProfile()[pri:0, instance:TestCases_UI.HBI_HomePageTest@3e694b3f] output={null}]]]>
              </value>
            </param>
          </params>
          <reporter-output>
          </reporter-output>
        </test-method> <!-- getResult -->
        <test-method is-config="true" signature="tearDown()[pri:0, instance:TestCases_UI.HBI_HomePageTest@3e694b3f]" started-at="2022-09-23T15:20:16 IST" name="tearDown" finished-at="2022-09-23T15:20:16 IST" duration-ms="256" status="PASS">
          <reporter-output>
          </reporter-output>
        </test-method> <!-- tearDown -->
      </class> <!-- TestCases_UI.HBI_HomePageTest -->
      <class name="TestCases_UI.HBI_LoginPageTest">
        <test-method is-config="true" signature="setup()[pri:0, instance:TestCases_UI.HBI_LoginPageTest@5fe94a96]" started-at="2022-09-23T15:20:01 IST" name="setup" finished-at="2022-09-23T15:20:03 IST" duration-ms="1886" status="PASS">
          <reporter-output>
          </reporter-output>
        </test-method> <!-- setup -->
        <test-method signature="verifyAzadiLogo()[pri:1, instance:TestCases_UI.HBI_LoginPageTest@5fe94a96]" started-at="2022-09-23T15:20:03 IST" name="verifyAzadiLogo" finished-at="2022-09-23T15:20:08 IST" duration-ms="5106" status="PASS">
          <reporter-output>
          </reporter-output>
        </test-method> <!-- verifyAzadiLogo -->
        <test-method is-config="true" signature="getResult(org.testng.ITestResult)[pri:0, instance:TestCases_UI.HBI_LoginPageTest@5fe94a96]" started-at="2022-09-23T15:20:08 IST" name="getResult" finished-at="2022-09-23T15:20:09 IST" duration-ms="144" status="PASS">
          <params>
            <param index="0">
              <value>
                <![CDATA[[TestResult name=verifyAzadiLogo status=SUCCESS method=HBI_LoginPageTest.verifyAzadiLogo()[pri:1, instance:TestCases_UI.HBI_LoginPageTest@5fe94a96] output={null}]]]>
              </value>
            </param>
          </params>
          <reporter-output>
          </reporter-output>
        </test-method> <!-- getResult -->
        <test-method is-config="true" signature="setup()[pri:0, instance:TestCases_UI.HBI_LoginPageTest@5fe94a96]" started-at="2022-09-23T15:20:09 IST" name="setup" finished-at="2022-09-23T15:20:10 IST" duration-ms="1801" status="PASS">
          <reporter-output>
          </reporter-output>
        </test-method> <!-- setup -->
        <test-method signature="verifyMOHFWLogo()[pri:2, instance:TestCases_UI.HBI_LoginPageTest@5fe94a96]" started-at="2022-09-23T15:20:10 IST" name="verifyMOHFWLogo" finished-at="2022-09-23T15:20:16 IST" duration-ms="5185" status="PASS">
          <reporter-output>
          </reporter-output>
        </test-method> <!-- verifyMOHFWLogo -->
        <test-method is-config="true" signature="getResult(org.testng.ITestResult)[pri:0, instance:TestCases_UI.HBI_LoginPageTest@5fe94a96]" started-at="2022-09-23T15:20:16 IST" name="getResult" finished-at="2022-09-23T15:20:16 IST" duration-ms="145" status="PASS">
          <params>
            <param index="0">
              <value>
                <![CDATA[[TestResult name=verifyMOHFWLogo status=SUCCESS method=HBI_LoginPageTest.verifyMOHFWLogo()[pri:2, instance:TestCases_UI.HBI_LoginPageTest@5fe94a96] output={null}]]]>
              </value>
            </param>
          </params>
          <reporter-output>
          </reporter-output>
        </test-method> <!-- getResult -->
      </class> <!-- TestCases_UI.HBI_LoginPageTest -->
    </test> <!-- Test -->
  </suite> <!-- Suite -->
</testng-results>
